#
# A fatal error has been detected by the Java Runtime Environment:
#
#  SIGSEGV (0xb) at pc=0x00007f2a30b24db3, pid=11769, tid=0x00007f2a2811c700
#
# JRE version: OpenJDK Runtime Environment (8.0_171-b11) (build 1.8.0_171-8u171-b11-0ubuntu0.16.04.1-b11)
# Java VM: OpenJDK 64-Bit Server VM (25.171-b11 mixed mode linux-amd64 compressed oops)
# Problematic frame:
# J 3119 C2 org.eclipse.core.internal.resources.Workspace.getResourceInfo(Lorg/eclipse/core/runtime/IPath;ZZ)Lorg/eclipse/core/internal/resources/ResourceInfo; (108 bytes) @ 0x00007f2a30b24db3 [0x00007f2a30b24d60+0x53]
#
# Failed to write core dump. Core dumps have been disabled. To enable core dumping, try "ulimit -c unlimited" before starting Java again
#
# If you would like to submit a bug report, please visit:
#   http://bugreport.java.com/bugreport/crash.jsp
#

---------------  T H R E A D  ---------------

Current thread (0x00007f29b400a000):  JavaThread "Worker-35" [_thread_in_Java, id=17789, stack(0x00007f2a2801c000,0x00007f2a2811d000)]

siginfo: si_signo: 11 (SIGSEGV), si_code: 2 (SEGV_ACCERR), si_addr: 0x0000000099f472c4

Registers:
RAX=0x0000000000000001, RBX=0x0000000020027f5c, RCX=0x0000000000000000, RDX=0x00000000db2cd560
RSP=0x00007f2a2811b410, RBP=0x0000000000000001, RSI=0x0000000089a6d488, RDI=0x00000000000030ca
R8 =0x0000000099f472b8, R9 =0x0000000000000000, R10=0x0000000089a6d488, R11=0x00000000db2cd560
R12=0x0000000000000000, R13=0x00000000db2cd560, R14=0x00000000db2cd560, R15=0x00007f29b400a000
RIP=0x00007f2a30b24db3, EFLAGS=0x0000000000010246, CSGSFS=0x0000000000000033, ERR=0x0000000000000004
  TRAPNO=0x000000000000000e

Top of Stack: (sp=0x00007f2a2811b410)
0x00007f2a2811b410:   0000000089a6d488 0000000000000000
0x00007f2a2811b420:   000000008d60bc48 00000000db288600
0x00007f2a2811b430:   0000000100143048 00007f2a30c602b4
0x00007f2a2811b440:   00000000db288600 00000000db2cbff8
0x00007f2a2811b450:   00000000db288600 00007f2a30b24e68
0x00007f2a2811b460:   0000000089a6d488 0000000000000000
0x00007f2a2811b470:   000000008d642948 00000000db288600
0x00007f2a2811b480:   0000000000000049 00007f2a30e7604c
0x00007f2a2811b490:   0000000000000001 00007f2a30d4224c
0x00007f2a2811b4a0:   00000000db280440 00000000db2cd4b8
0x00007f2a2811b4b0:   00000000db2cd548 0000000020027f5c
0x00007f2a2811b4c0:   3ff0000000000000 000000000000000c
0x00007f2a2811b4d0:   0000000000000049 00000000d8856f20
0x00007f2a2811b4e0:   00000000d8856f20 00007f2a30ac6f74
0x00007f2a2811b4f0:   0000000000000002 0000000000000003
0x00007f2a2811b500:   0000000000000049 00007f2a30489f45
0x00007f2a2811b510:   00000000db2cd618 00007f2a30beb394
0x00007f2a2811b520:   00000000db2cd618 00000000db280068
0x00007f2a2811b530:   00000000db2cd578 db28006800000001
0x00007f2a2811b540:   00000000db2cbfe0 00000000d8856100
0x00007f2a2811b550:   0000000000000000 0000000100282aa0
0x00007f2a2811b560:   00000000d8856f50 00000000db2cc328
0x00007f2a2811b570:   0000000400000004 00000000db290c48
0x00007f2a2811b580:   00000000d8856fb8 00007f2a00000035
0x00007f2a2811b590:   00000000d9c7bb38 00007f2a450da0ce
0x00007f2a2811b5a0:   0000000000000039 00007f2a2811b850
0x00007f2a2811b5b0:   00000000000030c9 00007f2a30929620
0x00007f2a2811b5c0:   00000000db280440 da60fd88da60fd40
0x00007f2a2811b5d0:   00000000db280440 dab0097000000002
0x00007f2a2811b5e0:   00000000db280068 00000000db2cd4b8
0x00007f2a2811b5f0:   0000073bd9189298 0000000000000ad8
0x00007f2a2811b600:   0000000000002b77 00000000d9189298 

Instructions: (pc=0x00007f2a30b24db3)
0x00007f2a30b24d93:   0c 89 4c 24 08 4c 8b d6 44 8b 5a 08 41 81 fb b6
0x00007f2a30b24da3:   c7 01 20 0f 85 39 0a 00 00 4c 8b da 45 8b 43 14
0x00007f2a30b24db3:   45 8b 48 0c 44 8b 86 88 00 00 00 44 89 44 24 30
0x00007f2a30b24dc3:   45 85 c9 0f 84 de 06 00 00 49 8b 00 48 8b c8 48 

Register to memory mapping:

RAX=0x0000000000000001 is an unknown value
RBX=0x0000000020027f5c is an unknown value
RCX=0x0000000000000000 is an unknown value
RDX=0x00000000db2cd560 is an oop
org.eclipse.core.runtime.Path 
 - klass: 'org/eclipse/core/runtime/Path'
RSP=0x00007f2a2811b410 is pointing into the stack for thread: 0x00007f29b400a000
RBP=0x0000000000000001 is an unknown value
RSI=0x0000000089a6d488 is an oop
org.eclipse.core.internal.resources.Workspace 
 - klass: 'org/eclipse/core/internal/resources/Workspace'
RDI=0x00000000000030ca is an unknown value
R8 =0x0000000099f472b8 is an unallocated location in the heap
R9 =0x0000000000000000 is an unknown value
R10=0x0000000089a6d488 is an oop
org.eclipse.core.internal.resources.Workspace 
 - klass: 'org/eclipse/core/internal/resources/Workspace'
R11=0x00000000db2cd560 is an oop
org.eclipse.core.runtime.Path 
 - klass: 'org/eclipse/core/runtime/Path'
R12=0x0000000000000000 is an unknown value
R13=0x00000000db2cd560 is an oop
org.eclipse.core.runtime.Path 
 - klass: 'org/eclipse/core/runtime/Path'
R14=0x00000000db2cd560 is an oop
org.eclipse.core.runtime.Path 
 - klass: 'org/eclipse/core/runtime/Path'
R15=0x00007f29b400a000 is a thread


Stack: [0x00007f2a2801c000,0x00007f2a2811d000],  sp=0x00007f2a2811b410,  free space=1021k
Native frames: (J=compiled Java code, j=interpreted, Vv=VM code, C=native code)
J 3119 C2 org.eclipse.core.internal.resources.Workspace.getResourceInfo(Lorg/eclipse/core/runtime/IPath;ZZ)Lorg/eclipse/core/internal/resources/ResourceInfo; (108 bytes) @ 0x00007f2a30b24db3 [0x00007f2a30b24d60+0x53]
J 3913 C2 org.eclipse.core.internal.localstore.RefreshLocalVisitor.visit(Lorg/eclipse/core/internal/localstore/UnifiedTreeNode;)Z (452 bytes) @ 0x00007f2a30d4224c [0x00007f2a30d41ee0+0x36c]
J 3561 C2 org.eclipse.core.internal.localstore.UnifiedTree.accept(Lorg/eclipse/core/internal/localstore/IUnifiedTreeVisitor;I)V (128 bytes) @ 0x00007f2a30929620 [0x00007f2a30928ea0+0x780]
J 3807 C1 org.eclipse.core.internal.localstore.FileSystemResourceManager.isSynchronized(Lorg/eclipse/core/resources/IResource;I)Z (206 bytes) @ 0x00007f2a30d6b704 [0x00007f2a30d6a880+0xe84]
J 3805 C1 org.eclipse.core.internal.refresh.PollingMonitor.poll(Lorg/eclipse/core/resources/IResource;)V (88 bytes) @ 0x00007f2a30e9fe04 [0x00007f2a30e9fb80+0x284]
J 3839 C1 org.eclipse.core.internal.refresh.PollingMonitor.run(Lorg/eclipse/core/runtime/IProgressMonitor;)Lorg/eclipse/core/runtime/IStatus; (404 bytes) @ 0x00007f2a30de8dcc [0x00007f2a30de7cc0+0x110c]
j  org.eclipse.core.internal.jobs.Worker.run()V+25
v  ~StubRoutines::call_stub
V  [libjvm.so+0x6648eb]
V  [libjvm.so+0x661ec4]
V  [libjvm.so+0x6624a7]
V  [libjvm.so+0x6a56e4]
V  [libjvm.so+0xa12217]
V  [libjvm.so+0xa126dc]
V  [libjvm.so+0x8b7c22]
C  [libpthread.so.0+0x76ba]  start_thread+0xca


---------------  P R O C E S S  ---------------

Java Threads: ( => current thread )
  0x00007f29d8004800 JavaThread "Worker-38" [_thread_blocked, id=18484, stack(0x00007f29f0052000,0x00007f29f0153000)]
  0x00007f29d8003800 JavaThread "Worker-36" [_thread_blocked, id=17986, stack(0x00007f29f0771000,0x00007f29f0872000)]
=>0x00007f29b400a000 JavaThread "Worker-35" [_thread_in_Java, id=17789, stack(0x00007f2a2801c000,0x00007f2a2811d000)]
  0x00007f29d0104000 JavaThread "Thread-8" daemon [_thread_blocked, id=11804, stack(0x00007f29f0670000,0x00007f29f0771000)]
  0x00007f29d00f3000 JavaThread "Thread-7" daemon [_thread_in_native, id=11803, stack(0x00007f29f08ab000,0x00007f29f09ac000)]
  0x00007f2a4050f000 JavaThread "pool-1-thread-1" [_thread_in_native, id=11792, stack(0x00007f29f0bac000,0x00007f29f0cad000)]
  0x00007f2a4047a000 JavaThread "pool-2-thread-1" [_thread_blocked, id=11791, stack(0x00007f29f0eb3000,0x00007f29f0fb4000)]
  0x00007f29e80c3800 JavaThread "Worker-JM" [_thread_blocked, id=11787, stack(0x00007f2a2853d000,0x00007f2a2863e000)]
  0x00007f2a4043c800 JavaThread "Start Level: Equinox Container: 182ea87d-2424-46c3-bdb5-5dd8f09989e3" daemon [_thread_blocked, id=11786, stack(0x00007f2a28a63000,0x00007f2a28b64000)]
  0x00007f2a40438000 JavaThread "Framework Event Dispatcher: org.eclipse.osgi.internal.framework.EquinoxEventPublisher@27808f31" daemon [_thread_blocked, id=11785, stack(0x00007f2a28b64000,0x00007f2a28c65000)]
  0x00007f2a403f8000 JavaThread "Active Thread: Equinox Container: 182ea87d-2424-46c3-bdb5-5dd8f09989e3" [_thread_blocked, id=11784, stack(0x00007f2a28c65000,0x00007f2a28d66000)]
  0x00007f2a40199000 JavaThread "Service Thread" daemon [_thread_blocked, id=11782, stack(0x00007f2a292e5000,0x00007f2a293e6000)]
  0x00007f2a40184000 JavaThread "C1 CompilerThread2" daemon [_thread_blocked, id=11781, stack(0x00007f2a293e6000,0x00007f2a294e7000)]
  0x00007f2a40182000 JavaThread "C2 CompilerThread1" daemon [_thread_blocked, id=11780, stack(0x00007f2a294e7000,0x00007f2a295e8000)]
  0x00007f2a4017f800 JavaThread "C2 CompilerThread0" daemon [_thread_blocked, id=11779, stack(0x00007f2a295e8000,0x00007f2a296e9000)]
  0x00007f2a4017e000 JavaThread "Signal Dispatcher" daemon [_thread_blocked, id=11778, stack(0x00007f2a296e9000,0x00007f2a297ea000)]
  0x00007f2a4014b800 JavaThread "Finalizer" daemon [_thread_blocked, id=11777, stack(0x00007f2a29ac2000,0x00007f2a29bc3000)]
  0x00007f2a40147000 JavaThread "Reference Handler" daemon [_thread_blocked, id=11776, stack(0x00007f2a29bc3000,0x00007f2a29cc4000)]
  0x00007f2a4000b000 JavaThread "main" [_thread_blocked, id=11770, stack(0x00007f2a4698f000,0x00007f2a46a90000)]

Other Threads:
  0x00007f2a4013f800 VMThread [stack: 0x00007f2a29cc4000,0x00007f2a29dc5000] [id=11775]
  0x00007f2a4019b800 WatcherThread [stack: 0x00007f2a291e4000,0x00007f2a292e5000] [id=11783]

VM state:not at safepoint (normal execution)

VM Mutex/Monitor currently owned by a thread: None

Heap:
 PSYoungGen      total 43008K, used 2832K [0x00000000d8800000, 0x00000000db780000, 0x0000000100000000)
  eden space 39424K, 1% used [0x00000000d8800000,0x00000000d88877d8,0x00000000dae80000)
  from space 3584K, 63% used [0x00000000db280000,0x00000000db4bc9f8,0x00000000db600000)
  to   space 4096K, 0% used [0x00000000dae80000,0x00000000dae80000,0x00000000db280000)
 ParOldGen       total 115712K, used 76401K [0x0000000089800000, 0x0000000090900000, 0x00000000d8800000)
  object space 115712K, 66% used [0x0000000089800000,0x000000008e29c530,0x0000000090900000)
 Metaspace       used 21564K, capacity 22954K, committed 23168K, reserved 1069056K
  class space    used 2272K, capacity 2822K, committed 2944K, reserved 1048576K

Card table byte_map: [0x00007f2a2fc13000,0x00007f2a2ffc8000] byte_map_base: 0x00007f2a2f7c7000

Marking Bits: (ParMarkBitMap*) 0x00007f2a45c59320
 Begin Bits: [0x00007f2a2ba57000, 0x00007f2a2d7f7000)
 End Bits:   [0x00007f2a2d7f7000, 0x00007f2a2f597000)

Polling page: 0x00007f2a46aad000

CodeCache: size=245760Kb used=9892Kb max_used=11557Kb free=235868Kb
 bounds [0x00007f2a30388000, 0x00007f2a30ee8000, 0x00007f2a3f388000]
 total_blobs=3283 nmethods=2873 adapters=323
 compilation: enabled

Compilation events (10 events):
Event: 7777.547 Thread 0x00007f2a40182000 3984   !   4       org.python.pydev.shared_core.utils.internal.linux.ProcessListLinux::getProcessList (132 bytes)
Event: 7777.549 Thread 0x00007f2a4017f800 3985 %     4       org.eclipse.ls.core.ParentProcessWatcher::parentProcessStillRunning @ 53 (87 bytes)
Event: 7777.552 Thread 0x00007f2a4017f800 nmethod 3985% 0x00007f2a309cf750 code [0x00007f2a309cf8c0, 0x00007f2a309cfb18]
Event: 7777.582 Thread 0x00007f2a40182000 nmethod 3984 0x00007f2a30a1ec90 code [0x00007f2a30a1ef00, 0x00007f2a30a201c0]
Event: 7795.799 Thread 0x00007f2a4017f800 3986       4       java.util.ArrayList::isEmpty (13 bytes)
Event: 7795.799 Thread 0x00007f2a4017f800 nmethod 3986 0x00007f2a3094dd50 code [0x00007f2a3094dea0, 0x00007f2a3094df18]
Event: 7921.869 Thread 0x00007f2a40184000 3987       1       org.eclipse.core.internal.resources.WorkspaceDescription::getOperationsPerSnapshot (5 bytes)
Event: 7921.869 Thread 0x00007f2a40184000 nmethod 3987 0x00007f2a30c15650 code [0x00007f2a30c157a0, 0x00007f2a30c158b0]
Event: 7922.037 Thread 0x00007f2a40184000 3988       1       org.eclipse.core.internal.registry.ExtensionRegistry::getObjectManager (5 bytes)
Event: 7922.037 Thread 0x00007f2a40184000 nmethod 3988 0x00007f2a30cdfbd0 code [0x00007f2a30cdfd20, 0x00007f2a30cdfe30]

GC Heap History (10 events):
Event: 7957.355 GC heap before
{Heap before GC invocations=781 (full 1):
 PSYoungGen      total 32256K, used 31058K [0x00000000d8800000, 0x00000000daf80000, 0x0000000100000000)
  eden space 28672K, 100% used [0x00000000d8800000,0x00000000da400000,0x00000000da400000)
  from space 3584K, 66% used [0x00000000da400000,0x00000000da6549f8,0x00000000da780000)
  to   space 4096K, 0% used [0x00000000dab80000,0x00000000dab80000,0x00000000daf80000)
 ParOldGen       total 115712K, used 76361K [0x0000000089800000, 0x0000000090900000, 0x00000000d8800000)
  object space 115712K, 65% used [0x0000000089800000,0x000000008e292530,0x0000000090900000)
 Metaspace       used 21564K, capacity 22954K, committed 23168K, reserved 1069056K
  class space    used 2272K, capacity 2822K, committed 2944K, reserved 1048576K
Event: 7957.358 GC heap after
Heap after GC invocations=781 (full 1):
 PSYoungGen      total 36352K, used 1857K [0x00000000d8800000, 0x00000000daf80000, 0x0000000100000000)
  eden space 32256K, 0% used [0x00000000d8800000,0x00000000d8800000,0x00000000da780000)
  from space 4096K, 45% used [0x00000000dab80000,0x00000000dad506a8,0x00000000daf80000)
  to   space 4096K, 0% used [0x00000000da780000,0x00000000da780000,0x00000000dab80000)
 ParOldGen       total 115712K, used 76385K [0x0000000089800000, 0x0000000090900000, 0x00000000d8800000)
  object space 115712K, 66% used [0x0000000089800000,0x000000008e298530,0x0000000090900000)
 Metaspace       used 21564K, capacity 22954K, committed 23168K, reserved 1069056K
  class space    used 2272K, capacity 2822K, committed 2944K, reserved 1048576K
}
Event: 7957.539 GC heap before
{Heap before GC invocations=782 (full 1):
 PSYoungGen      total 36352K, used 34113K [0x00000000d8800000, 0x00000000daf80000, 0x0000000100000000)
  eden space 32256K, 100% used [0x00000000d8800000,0x00000000da780000,0x00000000da780000)
  from space 4096K, 45% used [0x00000000dab80000,0x00000000dad506a8,0x00000000daf80000)
  to   space 4096K, 0% used [0x00000000da780000,0x00000000da780000,0x00000000dab80000)
 ParOldGen       total 115712K, used 76385K [0x0000000089800000, 0x0000000090900000, 0x00000000d8800000)
  object space 115712K, 66% used [0x0000000089800000,0x000000008e298530,0x0000000090900000)
 Metaspace       used 21564K, capacity 22954K, committed 23168K, reserved 1069056K
  class space    used 2272K, capacity 2822K, committed 2944K, reserved 1048576K
Event: 7957.540 GC heap after
Heap after GC invocations=782 (full 1):
 PSYoungGen      total 36352K, used 320K [0x00000000d8800000, 0x00000000db300000, 0x0000000100000000)
  eden space 32256K, 0% used [0x00000000d8800000,0x00000000d8800000,0x00000000da780000)
  from space 4096K, 7% used [0x00000000da780000,0x00000000da7d0000,0x00000000dab80000)
  to   space 4096K, 0% used [0x00000000daf00000,0x00000000daf00000,0x00000000db300000)
 ParOldGen       total 115712K, used 76385K [0x0000000089800000, 0x0000000090900000, 0x00000000d8800000)
  object space 115712K, 66% used [0x0000000089800000,0x000000008e298530,0x0000000090900000)
 Metaspace       used 21564K, capacity 22954K, committed 23168K, reserved 1069056K
  class space    used 2272K, capacity 2822K, committed 2944K, reserved 1048576K
}
Event: 7957.646 GC heap before
{Heap before GC invocations=783 (full 1):
 PSYoungGen      total 36352K, used 32576K [0x00000000d8800000, 0x00000000db300000, 0x0000000100000000)
  eden space 32256K, 100% used [0x00000000d8800000,0x00000000da780000,0x00000000da780000)
  from space 4096K, 7% used [0x00000000da780000,0x00000000da7d0000,0x00000000dab80000)
  to   space 4096K, 0% used [0x00000000daf00000,0x00000000daf00000,0x00000000db300000)
 ParOldGen       total 115712K, used 76385K [0x0000000089800000, 0x0000000090900000, 0x00000000d8800000)
  object space 115712K, 66% used [0x0000000089800000,0x000000008e298530,0x0000000090900000)
 Metaspace       used 21564K, capacity 22954K, committed 23168K, reserved 1069056K
  class space    used 2272K, capacity 2822K, committed 2944K, reserved 1048576K
Event: 7957.651 GC heap after
Heap after GC invocations=783 (full 1):
 PSYoungGen      total 39936K, used 1953K [0x00000000d8800000, 0x00000000db380000, 0x0000000100000000)
  eden space 35840K, 0% used [0x00000000d8800000,0x00000000d8800000,0x00000000dab00000)
  from space 4096K, 47% used [0x00000000daf00000,0x00000000db0e86a8,0x00000000db300000)
  to   space 4096K, 0% used [0x00000000dab00000,0x00000000dab00000,0x00000000daf00000)
 ParOldGen       total 115712K, used 76385K [0x0000000089800000, 0x0000000090900000, 0x00000000d8800000)
  object space 115712K, 66% used [0x0000000089800000,0x000000008e298530,0x0000000090900000)
 Metaspace       used 21564K, capacity 22954K, committed 23168K, reserved 1069056K
  class space    used 2272K, capacity 2822K, committed 2944K, reserved 1048576K
}
Event: 7981.103 GC heap before
{Heap before GC invocations=784 (full 1):
 PSYoungGen      total 39936K, used 37793K [0x00000000d8800000, 0x00000000db380000, 0x0000000100000000)
  eden space 35840K, 100% used [0x00000000d8800000,0x00000000dab00000,0x00000000dab00000)
  from space 4096K, 47% used [0x00000000daf00000,0x00000000db0e86a8,0x00000000db300000)
  to   space 4096K, 0% used [0x00000000dab00000,0x00000000dab00000,0x00000000daf00000)
 ParOldGen       total 115712K, used 76385K [0x0000000089800000, 0x0000000090900000, 0x00000000d8800000)
  object space 115712K, 66% used [0x0000000089800000,0x000000008e298530,0x0000000090900000)
 Metaspace       used 21564K, capacity 22954K, committed 23168K, reserved 1069056K
  class space    used 2272K, capacity 2822K, committed 2944K, reserved 1048576K
Event: 7981.106 GC heap after
Heap after GC invocations=784 (full 1):
 PSYoungGen      total 39936K, used 864K [0x00000000d8800000, 0x00000000db600000, 0x0000000100000000)
  eden space 35840K, 0% used [0x00000000d8800000,0x00000000d8800000,0x00000000dab00000)
  from space 4096K, 21% used [0x00000000dab00000,0x00000000dabd8000,0x00000000daf00000)
  to   space 3584K, 0% used [0x00000000db280000,0x00000000db280000,0x00000000db600000)
 ParOldGen       total 115712K, used 76385K [0x0000000089800000, 0x0000000090900000, 0x00000000d8800000)
  object space 115712K, 66% used [0x0000000089800000,0x000000008e298530,0x0000000090900000)
 Metaspace       used 21564K, capacity 22954K, committed 23168K, reserved 1069056K
  class space    used 2272K, capacity 2822K, committed 2944K, reserved 1048576K
}
Event: 7981.364 GC heap before
{Heap before GC invocations=785 (full 1):
 PSYoungGen      total 39936K, used 36704K [0x00000000d8800000, 0x00000000db600000, 0x0000000100000000)
  eden space 35840K, 100% used [0x00000000d8800000,0x00000000dab00000,0x00000000dab00000)
  from space 4096K, 21% used [0x00000000dab00000,0x00000000dabd8000,0x00000000daf00000)
  to   space 3584K, 0% used [0x00000000db280000,0x00000000db280000,0x00000000db600000)
 ParOldGen       total 115712K, used 76385K [0x0000000089800000, 0x0000000090900000, 0x00000000d8800000)
  object space 115712K, 66% used [0x0000000089800000,0x000000008e298530,0x0000000090900000)
 Metaspace       used 21564K, capacity 22954K, committed 23168K, reserved 1069056K
  class space    used 2272K, capacity 2822K, committed 2944K, reserved 1048576K
Event: 7981.372 GC heap after
Heap after GC invocations=785 (full 1):
 PSYoungGen      total 43008K, used 2290K [0x00000000d8800000, 0x00000000db780000, 0x0000000100000000)
  eden space 39424K, 0% used [0x00000000d8800000,0x00000000d8800000,0x00000000dae80000)
  from space 3584K, 63% used [0x00000000db280000,0x00000000db4bc9f8,0x00000000db600000)
  to   space 4096K, 0% used [0x00000000dae80000,0x00000000dae80000,0x00000000db280000)
 ParOldGen       total 115712K, used 76401K [0x0000000089800000, 0x0000000090900000, 0x00000000d8800000)
  object space 115712K, 66% used [0x0000000089800000,0x000000008e29c530,0x0000000090900000)
 Metaspace       used 21564K, capacity 22954K, committed 23168K, reserved 1069056K
  class space    used 2272K, capacity 2822K, committed 2944K, reserved 1048576K
}

Deoptimization events (10 events):
Event: 5223.226 Thread 0x00007f29b400a000 Uncommon trap: reason=unstable_if action=reinterpret pc=0x00007f2a3056dfb0 method=org.eclipse.core.internal.events.ResourceDelta.isHidden()Z @ 7
Event: 5223.226 Thread 0x00007f29b400a000 Uncommon trap: reason=unstable_if action=reinterpret pc=0x00007f2a30df4ca8 method=org.eclipse.core.internal.events.ResourceDelta.isTeamPrivate()Z @ 7
Event: 5223.381 Thread 0x00007f29d8004800 Uncommon trap: reason=unstable_if action=reinterpret pc=0x00007f2a30a7311c method=org.eclipse.core.internal.dtree.AbstractDataTreeNode.compareWith([Lorg/eclipse/core/internal/dtree/AbstractDataTreeNode;[Lorg/eclipse/core/internal/dtree/AbstractDataTreeNod
Event: 5223.397 Thread 0x00007f29d8004800 Uncommon trap: reason=unstable_if action=reinterpret pc=0x00007f2a309c6770 method=org.eclipse.core.internal.dtree.NodeComparison.asReverseComparison(Lorg/eclipse/core/internal/dtree/IComparator;)Lorg/eclipse/core/internal/dtree/NodeComparison; @ 41
Event: 5223.397 Thread 0x00007f29d8004800 Uncommon trap: reason=unstable_if action=reinterpret pc=0x00007f2a30ab0a4c method=org.eclipse.core.internal.events.ResourceDelta.getResource()Lorg/eclipse/core/resources/IResource; @ 44
Event: 5223.397 Thread 0x00007f29d8004800 Uncommon trap: reason=unstable_if action=reinterpret pc=0x00007f2a30d71a68 method=org.eclipse.core.internal.resources.Resource.checkExists(IZ)V @ 6
Event: 5223.397 Thread 0x00007f29d8004800 Uncommon trap: reason=unstable_if action=reinterpret pc=0x00007f2a30688c00 method=org.eclipse.core.runtime.Status.setSeverity(I)V @ 1
Event: 5223.398 Thread 0x00007f29d8004800 Uncommon trap: reason=unstable_if action=reinterpret pc=0x00007f2a30c08438 method=org.eclipse.core.internal.resources.Resource.checkExists(IZ)V @ 6
Event: 5712.998 Thread 0x00007f29b400a000 Uncommon trap: reason=bimorphic action=maybe_recompile pc=0x00007f2a3068a7f4 method=org.eclipse.core.internal.jobs.InternalJob.isConflicting(Lorg/eclipse/core/internal/jobs/InternalJob;)Z @ 1
Event: 6913.220 Thread 0x00007f29d8004800 Uncommon trap: reason=bimorphic action=maybe_recompile pc=0x00007f2a3068a7f4 method=org.eclipse.core.internal.jobs.InternalJob.isConflicting(Lorg/eclipse/core/internal/jobs/InternalJob;)Z @ 1

Classes redefined (0 events):
No events

Internal exceptions (10 events):
Event: 35.848 Thread 0x00007f29bc001000 Exception <a 'sun/nio/fs/UnixException'> (0x00000000df0e4098) thrown at [/build/openjdk-8-wnL82d/openjdk-8-8u171-b11/src/hotspot/src/share/vm/prims/jni.cpp, line 709]
Event: 46.506 Thread 0x00007f29bc001000 Implicit null exception at 0x00007f2a30e9678c to 0x00007f2a30e968b1
Event: 612.217 Thread 0x00007f29d8003800 Implicit null exception at 0x00007f2a30ad152a to 0x00007f2a30ad44a9
Event: 612.218 Thread 0x00007f29d8003800 Implicit null exception at 0x00007f2a308d6d4f to 0x00007f2a308d9e9d
Event: 4918.613 Thread 0x00007f29b4009000 Implicit null exception at 0x00007f2a30ca36d8 to 0x00007f2a30ca6205
Event: 5222.541 Thread 0x00007f29b4009000 Implicit null exception at 0x00007f2a30e7914f to 0x00007f2a30e7ad1d
Event: 5222.541 Thread 0x00007f29b4009000 Implicit null exception at 0x00007f2a30e71090 to 0x00007f2a30e710f1
Event: 5222.551 Thread 0x00007f29b4009000 Implicit null exception at 0x00007f2a30c92390 to 0x00007f2a30c923d9
Event: 5222.911 Thread 0x00007f29b400a000 Implicit null exception at 0x00007f2a30e086ab to 0x00007f2a30e0ab41
Event: 5222.911 Thread 0x00007f29b400a000 Implicit null exception at 0x00007f2a308e8808 to 0x00007f2a308ea085

Events (10 events):
Event: 7957.355 Executing VM operation: ParallelGCFailedAllocation
Event: 7957.358 Executing VM operation: ParallelGCFailedAllocation done
Event: 7957.539 Executing VM operation: ParallelGCFailedAllocation
Event: 7957.540 Executing VM operation: ParallelGCFailedAllocation done
Event: 7957.646 Executing VM operation: ParallelGCFailedAllocation
Event: 7957.651 Executing VM operation: ParallelGCFailedAllocation done
Event: 7981.103 Executing VM operation: ParallelGCFailedAllocation
Event: 7981.106 Executing VM operation: ParallelGCFailedAllocation done
Event: 7981.364 Executing VM operation: ParallelGCFailedAllocation
Event: 7981.372 Executing VM operation: ParallelGCFailedAllocation done


Dynamic libraries:
00400000-00401000 r-xp 00000000 08:01 18878088                           /usr/lib/jvm/java-8-openjdk-amd64/jre/bin/java
00600000-00601000 r--p 00000000 08:01 18878088                           /usr/lib/jvm/java-8-openjdk-amd64/jre/bin/java
00601000-00602000 rw-p 00001000 08:01 18878088                           /usr/lib/jvm/java-8-openjdk-amd64/jre/bin/java
021fb000-0221c000 rw-p 00000000 00:00 0                                  [heap]
89800000-90900000 rw-p 00000000 00:00 0 
90900000-d8800000 ---p 00000000 00:00 0 
d8800000-db780000 rw-p 00000000 00:00 0 
db780000-100000000 ---p 00000000 00:00 0 
100000000-1002e0000 rw-p 00000000 00:00 0 
1002e0000-140000000 ---p 00000000 00:00 0 
7f29b4000000-7f29b4021000 rw-p 00000000 00:00 0 
7f29b4021000-7f29b8000000 ---p 00000000 00:00 0 
7f29bc000000-7f29bc042000 rw-p 00000000 00:00 0 
7f29bc042000-7f29c0000000 ---p 00000000 00:00 0 
7f29c0000000-7f29c0021000 rw-p 00000000 00:00 0 
7f29c0021000-7f29c4000000 ---p 00000000 00:00 0 
7f29c4000000-7f29c4021000 rw-p 00000000 00:00 0 
7f29c4021000-7f29c8000000 ---p 00000000 00:00 0 
7f29c8000000-7f29c8021000 rw-p 00000000 00:00 0 
7f29c8021000-7f29cc000000 ---p 00000000 00:00 0 
7f29cc000000-7f29cc021000 rw-p 00000000 00:00 0 
7f29cc021000-7f29d0000000 ---p 00000000 00:00 0 
7f29d0000000-7f29d01bc000 rw-p 00000000 00:00 0 
7f29d01bc000-7f29d4000000 ---p 00000000 00:00 0 
7f29d4000000-7f29d4021000 rw-p 00000000 00:00 0 
7f29d4021000-7f29d8000000 ---p 00000000 00:00 0 
7f29d8000000-7f29d8021000 rw-p 00000000 00:00 0 
7f29d8021000-7f29dc000000 ---p 00000000 00:00 0 
7f29dc000000-7f29dc021000 rw-p 00000000 00:00 0 
7f29dc021000-7f29e0000000 ---p 00000000 00:00 0 
7f29e0000000-7f29e0021000 rw-p 00000000 00:00 0 
7f29e0021000-7f29e4000000 ---p 00000000 00:00 0 
7f29e4000000-7f29e4021000 rw-p 00000000 00:00 0 
7f29e4021000-7f29e8000000 ---p 00000000 00:00 0 
7f29e8000000-7f29e8202000 rw-p 00000000 00:00 0 
7f29e8202000-7f29ec000000 ---p 00000000 00:00 0 
7f29ec000000-7f29ec021000 rw-p 00000000 00:00 0 
7f29ec021000-7f29f0000000 ---p 00000000 00:00 0 
7f29f0052000-7f29f0055000 ---p 00000000 00:00 0 
7f29f0055000-7f29f0153000 rw-p 00000000 00:00 0 
7f29f0153000-7f29f0166000 r--s 00346000 08:01 18878105                   /usr/lib/jvm/java-8-openjdk-amd64/jre/lib/resources.jar
7f29f0166000-7f29f0168000 r-xp 00000000 08:01 12857833                   /home/karn/.vscode/extensions/fabioz.vscode-pydev-0.1.5/server/config_linux/org.eclipse.osgi/11/0/.cp/os/linux/x86_64/libunixfile_1_0_0.so
7f29f0168000-7f29f0267000 ---p 00002000 08:01 12857833                   /home/karn/.vscode/extensions/fabioz.vscode-pydev-0.1.5/server/config_linux/org.eclipse.osgi/11/0/.cp/os/linux/x86_64/libunixfile_1_0_0.so
7f29f0267000-7f29f0268000 rw-p 00001000 08:01 12857833                   /home/karn/.vscode/extensions/fabioz.vscode-pydev-0.1.5/server/config_linux/org.eclipse.osgi/11/0/.cp/os/linux/x86_64/libunixfile_1_0_0.so
7f29f0268000-7f29f0428000 rw-p 00000000 00:00 0 
7f29f0428000-7f29f0468000 ---p 00000000 00:00 0 
7f29f0468000-7f29f046d000 r--s 002f9000 08:01 18878092                   /usr/lib/jvm/java-8-openjdk-amd64/jre/lib/charsets.jar
7f29f046d000-7f29f0470000 r--s 0001b000 08:01 12459478                   /home/karn/.vscode/extensions/fabioz.vscode-pydev-0.1.5/server/plugins/org.eclipse.core.filebuffers_3.6.100.v20170203-1130.jar
7f29f0470000-7f29f0670000 rw-p 00000000 00:00 0 
7f29f0670000-7f29f0673000 ---p 00000000 00:00 0 
7f29f0673000-7f29f0771000 rw-p 00000000 00:00 0 
7f29f0771000-7f29f0774000 ---p 00000000 00:00 0 
7f29f0774000-7f29f0872000 rw-p 00000000 00:00 0 
7f29f0872000-7f29f0875000 ---p 00000000 00:00 0 
7f29f0875000-7f29f08ab000 rw-p 00000000 00:00 0 
7f29f08ab000-7f29f08ae000 ---p 00000000 00:00 0 
7f29f08ae000-7f29f0bac000 rw-p 00000000 00:00 0 
7f29f0bac000-7f29f0baf000 ---p 00000000 00:00 0 
7f29f0baf000-7f29f0ead000 rw-p 00000000 00:00 0 
7f29f0ead000-7f29f0eb3000 r--s 0003a000 08:01 12459463                   /home/karn/.vscode/extensions/fabioz.vscode-pydev-0.1.5/server/plugins/com.google.gson_2.7.0.v20170129-0911.jar
7f29f0eb3000-7f29f0eb6000 ---p 00000000 00:00 0 
7f29f0eb6000-7f29f0fb4000 rw-p 00000000 00:00 0 
7f29f0fb4000-7f29f0fb9000 r--s 0003d000 08:01 12459524                   /home/karn/.vscode/extensions/fabioz.vscode-pydev-0.1.5/server/plugins/org.eclipse.text_3.6.100.v20170203-0814.jar
7f29f0fb9000-7f29f0fc0000 r--s 00046000 08:01 12459519                   /home/karn/.vscode/extensions/fabioz.vscode-pydev-0.1.5/server/plugins/org.eclipse.lsp4j_0.3.0.v20170905-1232.jar
7f29f0fc0000-7f29f0fc6000 r--s 00055000 08:01 12459467                   /home/karn/.vscode/extensions/fabioz.vscode-pydev-0.1.5/server/plugins/com.python.pydev.analysis_6.3.3.201805051749/analysis.jar
7f29f0fc6000-7f29f0fee000 r--s 00251000 08:01 12857519                   /home/karn/.vscode/extensions/fabioz.vscode-pydev-0.1.5/server/plugins/org.python.pydev.shared_core_6.3.3.201805051749/libs/lucene-core-6.1.0.jar
7f29f0fee000-7f29f0fff000 r--s 0015c000 08:01 12857518                   /home/karn/.vscode/extensions/fabioz.vscode-pydev-0.1.5/server/plugins/org.python.pydev.shared_core_6.3.3.201805051749/libs/lucene-analyzers-common-6.1.0.jar
7f29f0fff000-7f29f4000000 rw-p 00000000 00:00 0 
7f29f4000000-7f29f4021000 rw-p 00000000 00:00 0 
7f29f4021000-7f29f8000000 ---p 00000000 00:00 0 
7f29f8000000-7f29f8021000 rw-p 00000000 00:00 0 
7f29f8021000-7f29fc000000 ---p 00000000 00:00 0 
7f29fc000000-7f29fd256000 rw-p 00000000 00:00 0 
7f29fd256000-7f2a00000000 ---p 00000000 00:00 0 
7f2a00000000-7f2a0056a000 rw-p 00000000 00:00 0 
7f2a0056a000-7f2a04000000 ---p 00000000 00:00 0 
7f2a04000000-7f2a04021000 rw-p 00000000 00:00 0 
7f2a04021000-7f2a08000000 ---p 00000000 00:00 0 
7f2a08000000-7f2a09441000 rw-p 00000000 00:00 0 
7f2a09441000-7f2a0c000000 ---p 00000000 00:00 0 
7f2a0c000000-7f2a0c021000 rw-p 00000000 00:00 0 
7f2a0c021000-7f2a10000000 ---p 00000000 00:00 0 
7f2a10000000-7f2a10021000 rw-p 00000000 00:00 0 
7f2a10021000-7f2a14000000 ---p 00000000 00:00 0 
7f2a14000000-7f2a14021000 rw-p 00000000 00:00 0 
7f2a14021000-7f2a18000000 ---p 00000000 00:00 0 
7f2a18000000-7f2a18021000 rw-p 00000000 00:00 0 
7f2a18021000-7f2a1c000000 ---p 00000000 00:00 0 
7f2a1c000000-7f2a1c021000 rw-p 00000000 00:00 0 
7f2a1c021000-7f2a20000000 ---p 00000000 00:00 0 
7f2a20000000-7f2a20021000 rw-p 00000000 00:00 0 
7f2a20021000-7f2a24000000 ---p 00000000 00:00 0 
7f2a24000000-7f2a24021000 rw-p 00000000 00:00 0 
7f2a24021000-7f2a28000000 ---p 00000000 00:00 0 
7f2a28000000-7f2a28002000 r--s 0000f000 08:01 12459479                   /home/karn/.vscode/extensions/fabioz.vscode-pydev-0.1.5/server/plugins/org.eclipse.core.filesystem_1.7.0.v20170406-1337.jar
7f2a28002000-7f2a28004000 r--s 00014000 08:01 12459520                   /home/karn/.vscode/extensions/fabioz.vscode-pydev-0.1.5/server/plugins/org.eclipse.lsp4j.jsonrpc_0.3.0.v20170905-1232.jar
7f2a28004000-7f2a2800d000 r--s 0010c000 08:01 12857512                   /home/karn/.vscode/extensions/fabioz.vscode-pydev-0.1.5/server/plugins/org.python.pydev.parser_6.3.3.201805051749/parser.jar
7f2a2800d000-7f2a28014000 r--s 0003c000 08:01 12857521                   /home/karn/.vscode/extensions/fabioz.vscode-pydev-0.1.5/server/plugins/org.python.pydev.shared_core_6.3.3.201805051749/libs/snakeyaml-1.11.jar
7f2a28014000-7f2a2801c000 r--s 0004e000 08:01 12857525                   /home/karn/.vscode/extensions/fabioz.vscode-pydev-0.1.5/server/plugins/org.python.pydev.shared_core_6.3.3.201805051749/shared_core.jar
7f2a2801c000-7f2a2801f000 ---p 00000000 00:00 0 
7f2a2801f000-7f2a2811d000 rw-p 00000000 00:00 0 
7f2a2811d000-7f2a28120000 ---p 00000000 00:00 0 
7f2a28120000-7f2a2821e000 rw-p 00000000 00:00 0 
7f2a2821e000-7f2a28225000 r--s 0007c000 08:01 12459527                   /home/karn/.vscode/extensions/fabioz.vscode-pydev-0.1.5/server/plugins/org.python.pydev.ast_6.3.3.201805051749/ast.jar
7f2a28225000-7f2a2822b000 r--s 00037000 08:01 12459545                   /home/karn/.vscode/extensions/fabioz.vscode-pydev-0.1.5/server/plugins/org.python.pydev.core_6.3.3.201805051749/core.jar
7f2a2822b000-7f2a2822e000 ---p 00000000 00:00 0 
7f2a2822e000-7f2a2852c000 rw-p 00000000 00:00 0 
7f2a2852c000-7f2a28537000 r--s 000cf000 08:01 12459484                   /home/karn/.vscode/extensions/fabioz.vscode-pydev-0.1.5/server/plugins/org.eclipse.core.resources_3.12.0.v20170417-1558.jar
7f2a28537000-7f2a28539000 r--s 00008000 08:01 12459518                   /home/karn/.vscode/extensions/fabioz.vscode-pydev-0.1.5/server/plugins/org.eclipse.ls.core_0.1.5.201805051749.jar
7f2a28539000-7f2a2853b000 r--s 0001b000 08:01 12460044                   /home/karn/.vscode/extensions/fabioz.vscode-pydev-0.1.5/server/plugins/org.python.pydev.pydev_lsp_0.1.5.201805051749.jar
7f2a2853b000-7f2a2853d000 r--s 00014000 08:01 12459489                   /home/karn/.vscode/extensions/fabioz.vscode-pydev-0.1.5/server/plugins/org.eclipse.equinox.app_1.3.400.v20150715-1528.jar
7f2a2853d000-7f2a28540000 ---p 00000000 00:00 0 
7f2a28540000-7f2a2863e000 rw-p 00000000 00:00 0 
7f2a2863e000-7f2a28641000 r--s 00018000 08:01 12459483                   /home/karn/.vscode/extensions/fabioz.vscode-pydev-0.1.5/server/plugins/org.eclipse.core.jobs_3.9.2.v20171030-1027.jar
7f2a28641000-7f2a28841000 rw-p 00000000 00:00 0 
7f2a28841000-7f2a28844000 r--s 0001e000 08:01 12459516                   /home/karn/.vscode/extensions/fabioz.vscode-pydev-0.1.5/server/plugins/org.eclipse.equinox.preferences_3.7.0.v20170126-2132.jar
7f2a28844000-7f2a28847000 r--s 00017000 08:01 12459476                   /home/karn/.vscode/extensions/fabioz.vscode-pydev-0.1.5/server/plugins/org.eclipse.core.contenttype_3.6.0.v20170207-1037.jar
7f2a28847000-7f2a2884b000 r--s 0002a000 08:01 12459517                   /home/karn/.vscode/extensions/fabioz.vscode-pydev-0.1.5/server/plugins/org.eclipse.equinox.registry_3.7.0.v20170222-1344.jar
7f2a2884b000-7f2a2884d000 r--s 00011000 08:01 12459486                   /home/karn/.vscode/extensions/fabioz.vscode-pydev-0.1.5/server/plugins/org.eclipse.core.runtime_3.13.0.v20170207-1030.jar
7f2a2884d000-7f2a2885e000 r-xp 00000000 08:01 12459502                   /home/karn/.vscode/extensions/fabioz.vscode-pydev-0.1.5/server/plugins/org.eclipse.equinox.launcher.gtk.linux.x86_64_1.1.551.v20171108-1834/eclipse_1630.so
7f2a2885e000-7f2a28a5d000 ---p 00011000 08:01 12459502                   /home/karn/.vscode/extensions/fabioz.vscode-pydev-0.1.5/server/plugins/org.eclipse.equinox.launcher.gtk.linux.x86_64_1.1.551.v20171108-1834/eclipse_1630.so
7f2a28a5d000-7f2a28a5e000 r--p 00010000 08:01 12459502                   /home/karn/.vscode/extensions/fabioz.vscode-pydev-0.1.5/server/plugins/org.eclipse.equinox.launcher.gtk.linux.x86_64_1.1.551.v20171108-1834/eclipse_1630.so
7f2a28a5e000-7f2a28a5f000 rw-p 00011000 08:01 12459502                   /home/karn/.vscode/extensions/fabioz.vscode-pydev-0.1.5/server/plugins/org.eclipse.equinox.launcher.gtk.linux.x86_64_1.1.551.v20171108-1834/eclipse_1630.so
7f2a28a5f000-7f2a28a60000 rw-p 00000000 00:00 0 
7f2a28a60000-7f2a28a63000 r--s 0001b000 08:01 12459490                   /home/karn/.vscode/extensions/fabioz.vscode-pydev-0.1.5/server/plugins/org.eclipse.equinox.common_3.9.0.v20170207-1454.jar
7f2a28a63000-7f2a28a66000 ---p 00000000 00:00 0 
7f2a28a66000-7f2a28b64000 rw-p 00000000 00:00 0 
7f2a28b64000-7f2a28b67000 ---p 00000000 00:00 0 
7f2a28b67000-7f2a28c65000 rw-p 00000000 00:00 0 
7f2a28c65000-7f2a28c68000 ---p 00000000 00:00 0 
7f2a28c68000-7f2a28d66000 rw-p 00000000 00:00 0 
7f2a28d66000-7f2a28d77000 r-xp 00000000 08:01 18878171                   /usr/lib/jvm/java-8-openjdk-amd64/jre/lib/amd64/libnio.so
7f2a28d77000-7f2a28f77000 ---p 00011000 08:01 18878171                   /usr/lib/jvm/java-8-openjdk-amd64/jre/lib/amd64/libnio.so
7f2a28f77000-7f2a28f78000 r--p 00011000 08:01 18878171                   /usr/lib/jvm/java-8-openjdk-amd64/jre/lib/amd64/libnio.so
7f2a28f78000-7f2a28f79000 rw-p 00012000 08:01 18878171                   /usr/lib/jvm/java-8-openjdk-amd64/jre/lib/amd64/libnio.so
7f2a28f79000-7f2a28f8f000 r-xp 00000000 08:01 18878165                   /usr/lib/jvm/java-8-openjdk-amd64/jre/lib/amd64/libnet.so
7f2a28f8f000-7f2a2918f000 ---p 00016000 08:01 18878165                   /usr/lib/jvm/java-8-openjdk-amd64/jre/lib/amd64/libnet.so
7f2a2918f000-7f2a29190000 r--p 00016000 08:01 18878165                   /usr/lib/jvm/java-8-openjdk-amd64/jre/lib/amd64/libnet.so
7f2a29190000-7f2a29191000 rw-p 00017000 08:01 18878165                   /usr/lib/jvm/java-8-openjdk-amd64/jre/lib/amd64/libnet.so
7f2a29191000-7f2a291a7000 r--s 0013d000 08:01 12459522                   /home/karn/.vscode/extensions/fabioz.vscode-pydev-0.1.5/server/plugins/org.eclipse.osgi_3.12.50.v20170928-1321.jar
7f2a291a7000-7f2a291a9000 r--s 0003a000 08:01 12459523                   /home/karn/.vscode/extensions/fabioz.vscode-pydev-0.1.5/server/plugins/org.eclipse.osgi.compatibility.state_1.1.0.v20170516-1513.jar
7f2a291a9000-7f2a291ae000 r--s 0009d000 08:01 18878204                   /usr/lib/jvm/java-8-openjdk-amd64/jre/lib/jsse.jar
7f2a291ae000-7f2a291c9000 r--s 001d6000 08:01 18878101                   /usr/lib/jvm/java-8-openjdk-amd64/jre/lib/ext/nashorn.jar
7f2a291c9000-7f2a291e4000 r--s 00394000 08:01 18878098                   /usr/lib/jvm/java-8-openjdk-amd64/jre/lib/ext/cldrdata.jar
7f2a291e4000-7f2a291e5000 ---p 00000000 00:00 0 
7f2a291e5000-7f2a292e5000 rw-p 00000000 00:00 0 
7f2a292e5000-7f2a292e8000 ---p 00000000 00:00 0 
7f2a292e8000-7f2a293e6000 rw-p 00000000 00:00 0 
7f2a293e6000-7f2a293e9000 ---p 00000000 00:00 0 
7f2a293e9000-7f2a294e7000 rw-p 00000000 00:00 0 
7f2a294e7000-7f2a294ea000 ---p 00000000 00:00 0 
7f2a294ea000-7f2a295e8000 rw-p 00000000 00:00 0 
7f2a295e8000-7f2a295eb000 ---p 00000000 00:00 0 
7f2a295eb000-7f2a296e9000 rw-p 00000000 00:00 0 
7f2a296e9000-7f2a296ec000 ---p 00000000 00:00 0 
7f2a296ec000-7f2a297ea000 rw-p 00000000 00:00 0 
7f2a297ea000-7f2a29ac2000 r--p 00000000 08:01 18875928                   /usr/lib/locale/locale-archive
7f2a29ac2000-7f2a29ac5000 ---p 00000000 00:00 0 
7f2a29ac5000-7f2a29bc3000 rw-p 00000000 00:00 0 
7f2a29bc3000-7f2a29bc6000 ---p 00000000 00:00 0 
7f2a29bc6000-7f2a29cc4000 rw-p 00000000 00:00 0 
7f2a29cc4000-7f2a29cc5000 ---p 00000000 00:00 0 
7f2a29cc5000-7f2a2acd4000 rw-p 00000000 00:00 0 
7f2a2acd4000-7f2a2aea3000 r--s 03c2f000 08:01 18878194                   /usr/lib/jvm/java-8-openjdk-amd64/jre/lib/rt.jar
7f2a2aea3000-7f2a2f597000 rw-p 00000000 00:00 0 
7f2a2f597000-7f2a2f598000 ---p 00000000 00:00 0 
7f2a2f598000-7f2a2f698000 rw-p 00000000 00:00 0 
7f2a2f698000-7f2a2f699000 ---p 00000000 00:00 0 
7f2a2f699000-7f2a2f799000 rw-p 00000000 00:00 0 
7f2a2f799000-7f2a2f79a000 ---p 00000000 00:00 0 
7f2a2f79a000-7f2a2f89a000 rw-p 00000000 00:00 0 
7f2a2f89a000-7f2a2f89b000 ---p 00000000 00:00 0 
7f2a2f89b000-7f2a2f9d4000 rw-p 00000000 00:00 0 
7f2a2f9d4000-7f2a2fc13000 ---p 00000000 00:00 0 
7f2a2fc13000-7f2a2fc4c000 rw-p 00000000 00:00 0 
7f2a2fc4c000-7f2a2fe8b000 ---p 00000000 00:00 0 
7f2a2fe8b000-7f2a2fea3000 rw-p 00000000 00:00 0 
7f2a2fea3000-7f2a2ffc7000 ---p 00000000 00:00 0 
7f2a2ffc7000-7f2a2fff6000 rw-p 00000000 00:00 0 
7f2a2fff6000-7f2a30388000 ---p 00000000 00:00 0 
7f2a30388000-7f2a30ee8000 rwxp 00000000 00:00 0 
7f2a30ee8000-7f2a3f388000 ---p 00000000 00:00 0 
7f2a3f388000-7f2a3f390000 r-xp 00000000 08:01 18878157                   /usr/lib/jvm/java-8-openjdk-amd64/jre/lib/amd64/libzip.so
7f2a3f390000-7f2a3f58f000 ---p 00008000 08:01 18878157                   /usr/lib/jvm/java-8-openjdk-amd64/jre/lib/amd64/libzip.so
7f2a3f58f000-7f2a3f590000 r--p 00007000 08:01 18878157                   /usr/lib/jvm/java-8-openjdk-amd64/jre/lib/amd64/libzip.so
7f2a3f590000-7f2a3f591000 rw-p 00008000 08:01 18878157                   /usr/lib/jvm/java-8-openjdk-amd64/jre/lib/amd64/libzip.so
7f2a3f591000-7f2a3f59c000 r-xp 00000000 08:01 5378425                    /lib/x86_64-linux-gnu/libnss_files-2.23.so
7f2a3f59c000-7f2a3f79b000 ---p 0000b000 08:01 5378425                    /lib/x86_64-linux-gnu/libnss_files-2.23.so
7f2a3f79b000-7f2a3f79c000 r--p 0000a000 08:01 5378425                    /lib/x86_64-linux-gnu/libnss_files-2.23.so
7f2a3f79c000-7f2a3f79d000 rw-p 0000b000 08:01 5378425                    /lib/x86_64-linux-gnu/libnss_files-2.23.so
7f2a3f79d000-7f2a3f7a3000 rw-p 00000000 00:00 0 
7f2a3f7a3000-7f2a3f7ae000 r-xp 00000000 08:01 5378429                    /lib/x86_64-linux-gnu/libnss_nis-2.23.so
7f2a3f7ae000-7f2a3f9ad000 ---p 0000b000 08:01 5378429                    /lib/x86_64-linux-gnu/libnss_nis-2.23.so
7f2a3f9ad000-7f2a3f9ae000 r--p 0000a000 08:01 5378429                    /lib/x86_64-linux-gnu/libnss_nis-2.23.so
7f2a3f9ae000-7f2a3f9af000 rw-p 0000b000 08:01 5378429                    /lib/x86_64-linux-gnu/libnss_nis-2.23.so
7f2a3f9af000-7f2a3f9c5000 r-xp 00000000 08:01 5374039                    /lib/x86_64-linux-gnu/libnsl-2.23.so
7f2a3f9c5000-7f2a3fbc4000 ---p 00016000 08:01 5374039                    /lib/x86_64-linux-gnu/libnsl-2.23.so
7f2a3fbc4000-7f2a3fbc5000 r--p 00015000 08:01 5374039                    /lib/x86_64-linux-gnu/libnsl-2.23.so
7f2a3fbc5000-7f2a3fbc6000 rw-p 00016000 08:01 5374039                    /lib/x86_64-linux-gnu/libnsl-2.23.so
7f2a3fbc6000-7f2a3fbc8000 rw-p 00000000 00:00 0 
7f2a3fbc8000-7f2a3fbd0000 r-xp 00000000 08:01 5374050                    /lib/x86_64-linux-gnu/libnss_compat-2.23.so
7f2a3fbd0000-7f2a3fdcf000 ---p 00008000 08:01 5374050                    /lib/x86_64-linux-gnu/libnss_compat-2.23.so
7f2a3fdcf000-7f2a3fdd0000 r--p 00007000 08:01 5374050                    /lib/x86_64-linux-gnu/libnss_compat-2.23.so
7f2a3fdd0000-7f2a3fdd1000 rw-p 00008000 08:01 5374050                    /lib/x86_64-linux-gnu/libnss_compat-2.23.so
7f2a3fdd1000-7f2a3fdfe000 r-xp 00000000 08:01 18878121                   /usr/lib/jvm/java-8-openjdk-amd64/jre/lib/amd64/libjava.so
7f2a3fdfe000-7f2a3fffd000 ---p 0002d000 08:01 18878121                   /usr/lib/jvm/java-8-openjdk-amd64/jre/lib/amd64/libjava.so
7f2a3fffd000-7f2a3fffe000 r--p 0002c000 08:01 18878121                   /usr/lib/jvm/java-8-openjdk-amd64/jre/lib/amd64/libjava.so
7f2a3fffe000-7f2a40000000 rw-p 0002d000 08:01 18878121                   /usr/lib/jvm/java-8-openjdk-amd64/jre/lib/amd64/libjava.so
7f2a40000000-7f2a40519000 rw-p 00000000 00:00 0 
7f2a40519000-7f2a44000000 ---p 00000000 00:00 0 
7f2a44000000-7f2a44001000 r--s 00002000 08:01 12459480                   /home/karn/.vscode/extensions/fabioz.vscode-pydev-0.1.5/server/plugins/org.eclipse.core.filesystem.linux.x86_64_1.2.200.v20140124-1940.jar
7f2a44001000-7f2a44077000 rw-p 00000000 00:00 0 
7f2a44077000-7f2a44086000 r-xp 00000000 08:01 18878107                   /usr/lib/jvm/java-8-openjdk-amd64/jre/lib/amd64/libverify.so
7f2a44086000-7f2a44285000 ---p 0000f000 08:01 18878107                   /usr/lib/jvm/java-8-openjdk-amd64/jre/lib/amd64/libverify.so
7f2a44285000-7f2a44287000 r--p 0000e000 08:01 18878107                   /usr/lib/jvm/java-8-openjdk-amd64/jre/lib/amd64/libverify.so
7f2a44287000-7f2a44288000 rw-p 00010000 08:01 18878107                   /usr/lib/jvm/java-8-openjdk-amd64/jre/lib/amd64/libverify.so
7f2a44288000-7f2a4428f000 r-xp 00000000 08:01 5378452                    /lib/x86_64-linux-gnu/librt-2.23.so
7f2a4428f000-7f2a4448e000 ---p 00007000 08:01 5378452                    /lib/x86_64-linux-gnu/librt-2.23.so
7f2a4448e000-7f2a4448f000 r--p 00006000 08:01 5378452                    /lib/x86_64-linux-gnu/librt-2.23.so
7f2a4448f000-7f2a44490000 rw-p 00007000 08:01 5378452                    /lib/x86_64-linux-gnu/librt-2.23.so
7f2a44490000-7f2a444a6000 r-xp 00000000 08:01 5378445                    /lib/x86_64-linux-gnu/libgcc_s.so.1
7f2a444a6000-7f2a446a5000 ---p 00016000 08:01 5378445                    /lib/x86_64-linux-gnu/libgcc_s.so.1
7f2a446a5000-7f2a446a6000 rw-p 00015000 08:01 5378445                    /lib/x86_64-linux-gnu/libgcc_s.so.1
7f2a446a6000-7f2a447ae000 r-xp 00000000 08:01 5373981                    /lib/x86_64-linux-gnu/libm-2.23.so
7f2a447ae000-7f2a449ad000 ---p 00108000 08:01 5373981                    /lib/x86_64-linux-gnu/libm-2.23.so
7f2a449ad000-7f2a449ae000 r--p 00107000 08:01 5373981                    /lib/x86_64-linux-gnu/libm-2.23.so
7f2a449ae000-7f2a449af000 rw-p 00108000 08:01 5373981                    /lib/x86_64-linux-gnu/libm-2.23.so
7f2a449af000-7f2a44b21000 r-xp 00000000 08:01 18874397                   /usr/lib/x86_64-linux-gnu/libstdc++.so.6.0.21
7f2a44b21000-7f2a44d21000 ---p 00172000 08:01 18874397                   /usr/lib/x86_64-linux-gnu/libstdc++.so.6.0.21
7f2a44d21000-7f2a44d2b000 r--p 00172000 08:01 18874397                   /usr/lib/x86_64-linux-gnu/libstdc++.so.6.0.21
7f2a44d2b000-7f2a44d2d000 rw-p 0017c000 08:01 18874397                   /usr/lib/x86_64-linux-gnu/libstdc++.so.6.0.21
7f2a44d2d000-7f2a44d31000 rw-p 00000000 00:00 0 
7f2a44d31000-7f2a4598a000 r-xp 00000000 08:01 18878163                   /usr/lib/jvm/java-8-openjdk-amd64/jre/lib/amd64/server/libjvm.so
7f2a4598a000-7f2a45b8a000 ---p 00c59000 08:01 18878163                   /usr/lib/jvm/java-8-openjdk-amd64/jre/lib/amd64/server/libjvm.so
7f2a45b8a000-7f2a45c1d000 r--p 00c59000 08:01 18878163                   /usr/lib/jvm/java-8-openjdk-amd64/jre/lib/amd64/server/libjvm.so
7f2a45c1d000-7f2a45c46000 rw-p 00cec000 08:01 18878163                   /usr/lib/jvm/java-8-openjdk-amd64/jre/lib/amd64/server/libjvm.so
7f2a45c46000-7f2a45c76000 rw-p 00000000 00:00 0 
7f2a45c76000-7f2a45c8e000 r-xp 00000000 08:01 5374041                    /lib/x86_64-linux-gnu/libpthread-2.23.so
7f2a45c8e000-7f2a45e8d000 ---p 00018000 08:01 5374041                    /lib/x86_64-linux-gnu/libpthread-2.23.so
7f2a45e8d000-7f2a45e8e000 r--p 00017000 08:01 5374041                    /lib/x86_64-linux-gnu/libpthread-2.23.so
7f2a45e8e000-7f2a45e8f000 rw-p 00018000 08:01 5374041                    /lib/x86_64-linux-gnu/libpthread-2.23.so
7f2a45e8f000-7f2a45e93000 rw-p 00000000 00:00 0 
7f2a45e93000-7f2a45e96000 r-xp 00000000 08:01 5374044                    /lib/x86_64-linux-gnu/libdl-2.23.so
7f2a45e96000-7f2a46095000 ---p 00003000 08:01 5374044                    /lib/x86_64-linux-gnu/libdl-2.23.so
7f2a46095000-7f2a46096000 r--p 00002000 08:01 5374044                    /lib/x86_64-linux-gnu/libdl-2.23.so
7f2a46096000-7f2a46097000 rw-p 00003000 08:01 5374044                    /lib/x86_64-linux-gnu/libdl-2.23.so
7f2a46097000-7f2a460b0000 r-xp 00000000 08:01 5373957                    /lib/x86_64-linux-gnu/libz.so.1.2.8
7f2a460b0000-7f2a462af000 ---p 00019000 08:01 5373957                    /lib/x86_64-linux-gnu/libz.so.1.2.8
7f2a462af000-7f2a462b0000 r--p 00018000 08:01 5373957                    /lib/x86_64-linux-gnu/libz.so.1.2.8
7f2a462b0000-7f2a462b1000 rw-p 00019000 08:01 5373957                    /lib/x86_64-linux-gnu/libz.so.1.2.8
7f2a462b1000-7f2a46471000 r-xp 00000000 08:01 5374042                    /lib/x86_64-linux-gnu/libc-2.23.so
7f2a46471000-7f2a46671000 ---p 001c0000 08:01 5374042                    /lib/x86_64-linux-gnu/libc-2.23.so
7f2a46671000-7f2a46675000 r--p 001c0000 08:01 5374042                    /lib/x86_64-linux-gnu/libc-2.23.so
7f2a46675000-7f2a46677000 rw-p 001c4000 08:01 5374042                    /lib/x86_64-linux-gnu/libc-2.23.so
7f2a46677000-7f2a4667b000 rw-p 00000000 00:00 0 
7f2a4667b000-7f2a46688000 r-xp 00000000 08:01 18878159                   /usr/lib/jvm/java-8-openjdk-amd64/jre/lib/amd64/jli/libjli.so
7f2a46688000-7f2a46888000 ---p 0000d000 08:01 18878159                   /usr/lib/jvm/java-8-openjdk-amd64/jre/lib/amd64/jli/libjli.so
7f2a46888000-7f2a46889000 r--p 0000d000 08:01 18878159                   /usr/lib/jvm/java-8-openjdk-amd64/jre/lib/amd64/jli/libjli.so
7f2a46889000-7f2a4688a000 rw-p 0000e000 08:01 18878159                   /usr/lib/jvm/java-8-openjdk-amd64/jre/lib/amd64/jli/libjli.so
7f2a4688a000-7f2a468b0000 r-xp 00000000 08:01 5374040                    /lib/x86_64-linux-gnu/ld-2.23.so
7f2a468b0000-7f2a468b2000 r--s 00016000 08:01 18878184                   /usr/lib/jvm/java-8-openjdk-amd64/jre/lib/jce.jar
7f2a468b2000-7f2a468b4000 r--s 0000c000 08:01 12459491                   /home/karn/.vscode/extensions/fabioz.vscode-pydev-0.1.5/server/plugins/org.eclipse.equinox.launcher_1.4.0.v20161219-1356.jar
7f2a468b4000-7f2a468ba000 r--s 0003b000 08:01 18878099                   /usr/lib/jvm/java-8-openjdk-amd64/jre/lib/ext/sunjce_provider.jar
7f2a468ba000-7f2a468bd000 r--s 0000f000 08:01 18878100                   /usr/lib/jvm/java-8-openjdk-amd64/jre/lib/ext/icedtea-sound.jar
7f2a468bd000-7f2a468c0000 r--s 00038000 08:01 18878097                   /usr/lib/jvm/java-8-openjdk-amd64/jre/lib/ext/sunpkcs11.jar
7f2a468c0000-7f2a4698f000 rw-p 00000000 00:00 0 
7f2a4698f000-7f2a46992000 ---p 00000000 00:00 0 
7f2a46992000-7f2a46a94000 rw-p 00000000 00:00 0 
7f2a46a94000-7f2a46a96000 r--s 00001000 08:01 18878096                   /usr/lib/jvm/java-8-openjdk-amd64/jre/lib/ext/dnsns.jar
7f2a46a96000-7f2a46a97000 r--s 00010000 08:01 18878095                   /usr/lib/jvm/java-8-openjdk-amd64/jre/lib/ext/zipfs.jar
7f2a46a97000-7f2a46a99000 r--s 00008000 08:01 18878094                   /usr/lib/jvm/java-8-openjdk-amd64/jre/lib/ext/sunec.jar
7f2a46a99000-7f2a46a9a000 r--s 0000a000 08:01 18878102                   /usr/lib/jvm/java-8-openjdk-amd64/jre/lib/ext/jaccess.jar
7f2a46a9a000-7f2a46aa4000 r--s 00116000 08:01 18878103                   /usr/lib/jvm/java-8-openjdk-amd64/jre/lib/ext/localedata.jar
7f2a46aa4000-7f2a46aac000 rw-s 00000000 08:01 3932553                    /tmp/hsperfdata_karn/11769
7f2a46aac000-7f2a46aad000 rw-p 00000000 00:00 0 
7f2a46aad000-7f2a46aae000 r--p 00000000 00:00 0 
7f2a46aae000-7f2a46aaf000 rw-p 00000000 00:00 0 
7f2a46aaf000-7f2a46ab0000 r--p 00025000 08:01 5374040                    /lib/x86_64-linux-gnu/ld-2.23.so
7f2a46ab0000-7f2a46ab1000 rw-p 00026000 08:01 5374040                    /lib/x86_64-linux-gnu/ld-2.23.so
7f2a46ab1000-7f2a46ab2000 rw-p 00000000 00:00 0 
7ffc879c6000-7ffc879e8000 rw-p 00000000 00:00 0                          [stack]
7ffc879f7000-7ffc879fa000 r--p 00000000 00:00 0                          [vvar]
7ffc879fa000-7ffc879fc000 r-xp 00000000 00:00 0                          [vdso]
ffffffffff600000-ffffffffff601000 r-xp 00000000 00:00 0                  [vsyscall]

VM Arguments:
jvm_args: -Declipse.application=org.python.pydev.pydev_lsp.application -Dosgi.bundles.defaultStartLevel=4 -Declipse.product=org.python.pydev.pydev_lsp.product 
java_command: /home/karn/.vscode/extensions/fabioz.vscode-pydev-0.1.5/server/plugins/org.eclipse.equinox.launcher_1.4.0.v20161219-1356.jar -configuration /home/karn/.vscode/extensions/fabioz.vscode-pydev-0.1.5/server/config_linux -data /home/karn/.config/Code/User/workspaceStorage/7e9e43481f13f4f315c544b04bcb5bdb/fabioz.vscode-pydev/pydev_ws
java_class_path (initial): /home/karn/.vscode/extensions/fabioz.vscode-pydev-0.1.5/server/plugins/org.eclipse.equinox.launcher_1.4.0.v20161219-1356.jar
Launcher Type: SUN_STANDARD

Environment Variables:
PATH=/home/karn/bin:/home/karn/.local/bin:/usr/local/sbin:/usr/local/bin:/usr/sbin:/usr/bin:/sbin:/bin:/usr/games:/usr/local/games:/snap/bin:/usr/local/go/bin
SHELL=/bin/zsh
DISPLAY=:0

Signal Handlers:
SIGSEGV: [libjvm.so+0xa6e6f0], sa_mask[0]=11111111011111111101111111111110, sa_flags=SA_RESTART|SA_SIGINFO
SIGBUS: [libjvm.so+0xa6e6f0], sa_mask[0]=11111111011111111101111111111110, sa_flags=SA_RESTART|SA_SIGINFO
SIGFPE: [libjvm.so+0x8b5d50], sa_mask[0]=11111111011111111101111111111110, sa_flags=SA_RESTART|SA_SIGINFO
SIGPIPE: [libjvm.so+0x8b5d50], sa_mask[0]=11111111011111111101111111111110, sa_flags=SA_RESTART|SA_SIGINFO
SIGXFSZ: [libjvm.so+0x8b5d50], sa_mask[0]=11111111011111111101111111111110, sa_flags=SA_RESTART|SA_SIGINFO
SIGILL: [libjvm.so+0x8b5d50], sa_mask[0]=11111111011111111101111111111110, sa_flags=SA_RESTART|SA_SIGINFO
SIGUSR1: SIG_DFL, sa_mask[0]=00000000000000000000000000000000, sa_flags=none
SIGUSR2: [libjvm.so+0x8b5c00], sa_mask[0]=00000000000000000000000000000000, sa_flags=SA_RESTART|SA_SIGINFO
SIGHUP: [libjvm.so+0x8b60d0], sa_mask[0]=11111111011111111101111111111110, sa_flags=SA_RESTART|SA_SIGINFO
SIGINT: SIG_IGN, sa_mask[0]=00000000000000000000000000000000, sa_flags=none
SIGTERM: [libjvm.so+0x8b60d0], sa_mask[0]=11111111011111111101111111111110, sa_flags=SA_RESTART|SA_SIGINFO
SIGQUIT: [libjvm.so+0x8b60d0], sa_mask[0]=11111111011111111101111111111110, sa_flags=SA_RESTART|SA_SIGINFO


---------------  S Y S T E M  ---------------

OS:DISTRIB_ID=Ubuntu
DISTRIB_RELEASE=16.04
DISTRIB_CODENAME=xenial
DISTRIB_DESCRIPTION="Ubuntu 16.04.5 LTS"

uname:Linux 4.4.0-131-generic #157-Ubuntu SMP Thu Jul 12 15:51:36 UTC 2018 x86_64
libc:glibc 2.23 NPTL 2.23 
rlimit: STACK 8192k, CORE 0k, NPROC 30159, NOFILE 1048576, AS infinity
load average:1.82 1.50 1.49

/proc/meminfo:
MemTotal:        7763092 kB
MemFree:          636884 kB
MemAvailable:    1203976 kB
Buffers:           60444 kB
Cached:          1205820 kB
SwapCached:        28564 kB
Active:          5036620 kB
Inactive:        1639616 kB
Active(anon):    4728836 kB
Inactive(anon):  1219620 kB
Active(file):     307784 kB
Inactive(file):   419996 kB
Unevictable:          96 kB
Mlocked:              96 kB
SwapTotal:       7971836 kB
SwapFree:        7237756 kB
Dirty:               132 kB
Writeback:             0 kB
AnonPages:       5398276 kB
Mapped:           605864 kB
Shmem:            538340 kB
Slab:             189464 kB
SReclaimable:     117304 kB
SUnreclaim:        72160 kB
KernelStack:       25312 kB
PageTables:       124804 kB
NFS_Unstable:          0 kB
Bounce:                0 kB
WritebackTmp:          0 kB
CommitLimit:    11853380 kB
Committed_AS:   23860492 kB
VmallocTotal:   34359738367 kB
VmallocUsed:           0 kB
VmallocChunk:          0 kB
HardwareCorrupted:     0 kB
AnonHugePages:         0 kB
CmaTotal:              0 kB
CmaFree:               0 kB
HugePages_Total:       0
HugePages_Free:        0
HugePages_Rsvd:        0
HugePages_Surp:        0
Hugepagesize:       2048 kB
DirectMap4k:      405864 kB
DirectMap2M:     7567360 kB


CPU:total 4 (initial active 4) (2 cores per cpu, 2 threads per core) family 6 model 58 stepping 9, cmov, cx8, fxsr, mmx, sse, sse2, sse3, ssse3, sse4.1, sse4.2, popcnt, avx, clmul, erms, ht, tsc, tscinvbit, tscinv

/proc/cpuinfo:
processor	: 0
vendor_id	: GenuineIntel
cpu family	: 6
model		: 58
model name	: Intel(R) Core(TM) i5-3230M CPU @ 2.60GHz
stepping	: 9
microcode	: 0x1f
cpu MHz		: 2970.804
cache size	: 3072 KB
physical id	: 0
siblings	: 4
core id		: 0
cpu cores	: 2
apicid		: 0
initial apicid	: 0
fpu		: yes
fpu_exception	: yes
cpuid level	: 13
wp		: yes
flags		: fpu vme de pse tsc msr pae mce cx8 apic sep mtrr pge mca cmov pat pse36 clflush dts acpi mmx fxsr sse sse2 ss ht tm pbe syscall nx rdtscp lm constant_tsc arch_perfmon pebs bts rep_good nopl xtopology nonstop_tsc aperfmperf eagerfpu pni pclmulqdq dtes64 monitor ds_cpl vmx est tm2 ssse3 cx16 xtpr pdcm pcid sse4_1 sse4_2 x2apic popcnt tsc_deadline_timer xsave avx f16c rdrand lahf_lm epb ibrs ibpb stibp kaiser tpr_shadow vnmi flexpriority ept vpid fsgsbase smep erms xsaveopt dtherm ida arat pln pts
bugs		: cpu_meltdown spectre_v1 spectre_v2 spec_store_bypass
bogomips	: 5188.00
clflush size	: 64
cache_alignment	: 64
address sizes	: 36 bits physical, 48 bits virtual
power management:

processor	: 1
vendor_id	: GenuineIntel
cpu family	: 6
model		: 58
model name	: Intel(R) Core(TM) i5-3230M CPU @ 2.60GHz
stepping	: 9
microcode	: 0x1f
cpu MHz		: 2999.953
cache size	: 3072 KB
physical id	: 0
siblings	: 4
core id		: 0
cpu cores	: 2
apicid		: 1
initial apicid	: 1
fpu		: yes
fpu_exception	: yes
cpuid level	: 13
wp		: yes
flags		: fpu vme de pse tsc msr pae mce cx8 apic sep mtrr pge mca cmov pat pse36 clflush dts acpi mmx fxsr sse sse2 ss ht tm pbe syscall nx rdtscp lm constant_tsc arch_perfmon pebs bts rep_good nopl xtopology nonstop_tsc aperfmperf eagerfpu pni pclmulqdq dtes64 monitor ds_cpl vmx est tm2 ssse3 cx16 xtpr pdcm pcid sse4_1 sse4_2 x2apic popcnt tsc_deadline_timer xsave avx f16c rdrand lahf_lm epb ibrs ibpb stibp kaiser tpr_shadow vnmi flexpriority ept vpid fsgsbase smep erms xsaveopt dtherm ida arat pln pts
bugs		: cpu_meltdown spectre_v1 spectre_v2 spec_store_bypass
bogomips	: 5188.00
clflush size	: 64
cache_alignment	: 64
address sizes	: 36 bits physical, 48 bits virtual
power management:

processor	: 2
vendor_id	: GenuineIntel
cpu family	: 6
model		: 58
model name	: Intel(R) Core(TM) i5-3230M CPU @ 2.60GHz
stepping	: 9
microcode	: 0x1f
cpu MHz		: 3006.960
cache size	: 3072 KB
physical id	: 0
siblings	: 4
core id		: 1
cpu cores	: 2
apicid		: 2
initial apicid	: 2
fpu		: yes
fpu_exception	: yes
cpuid level	: 13
wp		: yes
flags		: fpu vme de pse tsc msr pae mce cx8 apic sep mtrr pge mca cmov pat pse36 clflush dts acpi mmx fxsr sse sse2 ss ht tm pbe syscall nx rdtscp lm constant_tsc arch_perfmon pebs bts rep_good nopl xtopology nonstop_tsc aperfmperf eagerfpu pni pclmulqdq dtes64 monitor ds_cpl vmx est tm2 ssse3 cx16 xtpr pdcm pcid sse4_1 sse4_2 x2apic popcnt tsc_deadline_timer xsave avx f16c rdrand lahf_lm epb ibrs ibpb stibp kaiser tpr_shadow vnmi flexpriority ept vpid fsgsbase smep erms xsaveopt dtherm ida arat pln pts
bugs		: cpu_meltdown spectre_v1 spectre_v2 spec_store_bypass
bogomips	: 5188.00
clflush size	: 64
cache_alignment	: 64
address sizes	: 36 bits physical, 48 bits virtual
power management:

processor	: 3
vendor_id	: GenuineIntel
cpu family	: 6
model		: 58
model name	: Intel(R) Core(TM) i5-3230M CPU @ 2.60GHz
stepping	: 9
microcode	: 0x1f
cpu MHz		: 3026.867
cache size	: 3072 KB
physical id	: 0
siblings	: 4
core id		: 1
cpu cores	: 2
apicid		: 3
initial apicid	: 3
fpu		: yes
fpu_exception	: yes
cpuid level	: 13
wp		: yes
flags		: fpu vme de pse tsc msr pae mce cx8 apic sep mtrr pge mca cmov pat pse36 clflush dts acpi mmx fxsr sse sse2 ss ht tm pbe syscall nx rdtscp lm constant_tsc arch_perfmon pebs bts rep_good nopl xtopology nonstop_tsc aperfmperf eagerfpu pni pclmulqdq dtes64 monitor ds_cpl vmx est tm2 ssse3 cx16 xtpr pdcm pcid sse4_1 sse4_2 x2apic popcnt tsc_deadline_timer xsave avx f16c rdrand lahf_lm epb ibrs ibpb stibp kaiser tpr_shadow vnmi flexpriority ept vpid fsgsbase smep erms xsaveopt dtherm ida arat pln pts
bugs		: cpu_meltdown spectre_v1 spectre_v2 spec_store_bypass
bogomips	: 5188.00
clflush size	: 64
cache_alignment	: 64
address sizes	: 36 bits physical, 48 bits virtual
power management:



Memory: 4k page, physical 7763092k(636884k free), swap 7971836k(7237756k free)

vm_info: OpenJDK 64-Bit Server VM (25.171-b11) for linux-amd64 JRE (1.8.0_171-8u171-b11-0ubuntu0.16.04.1-b11), built on Apr 27 2018 17:19:03 by "buildd" with gcc 5.4.0 20160609

time: Fri Aug 10 16:54:45 2018
elapsed time: 7981 seconds (0d 2h 13m 1s)

